# JRE version: Java(TM) SE Runtime Environment (15.0.2+7) (build 15.0.2+7-27)
# Java VM: Java HotSpot(TM) 64-Bit Server VM (15.0.2+7-27, mixed mode, sharing, tiered, compressed oops, g1 gc, windows-amd64)
GC Precious Log:
 CPUs: 8 total, 8 available
 Memory: 7811M
 Large Page Support: Disabled
 NUMA Support: Disabled
 Compressed Oops: Enabled (32-bit)
 Heap Region Size: 1M
 Heap Min Capacity: 8M
 Heap Initial Capacity: 124M
 Heap Max Capacity: 1954M
 Pre-touch: Disabled
 Parallel Workers: 8
 Concurrent Workers: 2
 Concurrent Refinement Workers: 8
 Periodic GC: Disabled
Heap:
 garbage-first heap   total 65536K, used 43051K [0x0000000085e00000, 0x0000000100000000)
  region size 1024K, 13 young (13312K), 3 survivors (3072K)
 Metaspace       used 61613K, capacity 62208K, committed 62364K, reserved 1103872K
  class space    used 7938K, capacity 8132K, committed 8172K, reserved 1048576K
GC Heap History (20 events):
Event: 14.113 GC heap before
{Heap before GC invocations=9 (full 0):
 garbage-first heap   total 54272K, used 37585K [0x0000000085e00000, 0x0000000100000000)
  region size 1024K, 20 young (20480K), 4 survivors (4096K)
 Metaspace       used 32394K, capacity 32827K, committed 32944K, reserved 1079296K
  class space    used 3942K, capacity 4078K, committed 4096K, reserved 1048576K
}
Event: 14.123 GC heap after
{Heap after GC invocations=10 (full 0):
 garbage-first heap   total 65536K, used 22359K [0x0000000085e00000, 0x0000000100000000)
  region size 1024K, 1 young (1024K), 1 survivors (1024K)
 Metaspace       used 32394K, capacity 32827K, committed 32944K, reserved 1079296K
  class space    used 3942K, capacity 4078K, committed 4096K, reserved 1048576K
}
Event: 14.800 GC heap before
{Heap before GC invocations=10 (full 0):
 garbage-first heap   total 65536K, used 46935K [0x0000000085e00000, 0x0000000100000000)
  region size 1024K, 26 young (26624K), 1 survivors (1024K)
 Metaspace       used 33400K, capacity 33802K, committed 33840K, reserved 1079296K
  class space    used 4057K, capacity 4210K, committed 4224K, reserved 1048576K
}
Event: 14.808 GC heap after
{Heap after GC invocations=11 (full 0):
 garbage-first heap   total 65536K, used 23423K [0x0000000085e00000, 0x0000000100000000)
  region size 1024K, 2 young (2048K), 2 survivors (2048K)
 Metaspace       used 33400K, capacity 33802K, committed 33840K, reserved 1079296K
  class space    used 4057K, capacity 4210K, committed 4224K, reserved 1048576K
}
Event: 15.378 GC heap before
{Heap before GC invocations=11 (full 0):
 garbage-first heap   total 65536K, used 30591K [0x0000000085e00000, 0x0000000100000000)
  region size 1024K, 11 young (11264K), 2 survivors (2048K)
 Metaspace       used 35379K, capacity 35754K, committed 35888K, reserved 1081344K
  class space    used 4238K, capacity 4370K, committed 4480K, reserved 1048576K
}
Event: 15.388 GC heap after
{Heap after GC invocations=12 (full 0):
 garbage-first heap   total 65536K, used 24050K [0x0000000085e00000, 0x0000000100000000)
  region size 1024K, 2 young (2048K), 2 survivors (2048K)
 Metaspace       used 35379K, capacity 35754K, committed 35888K, reserved 1081344K
  class space    used 4238K, capacity 4370K, committed 4480K, reserved 1048576K
}
Event: 17.754 GC heap before
{Heap before GC invocations=13 (full 0):
 garbage-first heap   total 65536K, used 48626K [0x0000000085e00000, 0x0000000100000000)
  region size 1024K, 27 young (27648K), 2 survivors (2048K)
 Metaspace       used 42049K, capacity 42521K, committed 42800K, reserved 1087488K
  class space    used 5295K, capacity 5429K, committed 5504K, reserved 1048576K
}
Event: 17.765 GC heap after
{Heap after GC invocations=14 (full 0):
 garbage-first heap   total 65536K, used 25986K [0x0000000085e00000, 0x0000000100000000)
  region size 1024K, 4 young (4096K), 4 survivors (4096K)
 Metaspace       used 42049K, capacity 42521K, committed 42800K, reserved 1087488K
  class space    used 5295K, capacity 5429K, committed 5504K, reserved 1048576K
}
Event: 20.829 GC heap before
{Heap before GC invocations=14 (full 0):
 garbage-first heap   total 65536K, used 49538K [0x0000000085e00000, 0x0000000100000000)
  region size 1024K, 28 young (28672K), 4 survivors (4096K)
 Metaspace       used 48379K, capacity 48869K, committed 49072K, reserved 1091584K
  class space    used 6211K, capacity 6327K, committed 6400K, reserved 1048576K
}
Event: 20.841 GC heap after
{Heap after GC invocations=15 (full 0):
 garbage-first heap   total 65536K, used 27662K [0x0000000085e00000, 0x0000000100000000)
  region size 1024K, 4 young (4096K), 4 survivors (4096K)
 Metaspace       used 48379K, capacity 48869K, committed 49072K, reserved 1091584K
  class space    used 6211K, capacity 6327K, committed 6400K, reserved 1048576K
}
Event: 22.218 GC heap before
{Heap before GC invocations=15 (full 0):
 garbage-first heap   total 65536K, used 50190K [0x0000000085e00000, 0x0000000100000000)
  region size 1024K, 26 young (26624K), 4 survivors (4096K)
 Metaspace       used 52832K, capacity 53345K, committed 53552K, reserved 1095680K
  class space    used 6814K, capacity 6981K, committed 7040K, reserved 1048576K
}
Event: 22.231 GC heap after
{Heap after GC invocations=16 (full 0):
 garbage-first heap   total 65536K, used 28473K [0x0000000085e00000, 0x0000000100000000)
  region size 1024K, 3 young (3072K), 3 survivors (3072K)
 Metaspace       used 52832K, capacity 53345K, committed 53552K, reserved 1095680K
  class space    used 6814K, capacity 6981K, committed 7040K, reserved 1048576K
}
Event: 23.522 GC heap before
{Heap before GC invocations=16 (full 0):
 garbage-first heap   total 65536K, used 51001K [0x0000000085e00000, 0x0000000100000000)
  region size 1024K, 25 young (25600K), 3 survivors (3072K)
 Metaspace       used 56895K, capacity 57387K, committed 57648K, reserved 1099776K
  class space    used 7320K, capacity 7472K, committed 7552K, reserved 1048576K
}
Event: 23.528 GC heap after
{Heap after GC invocations=17 (full 0):
 garbage-first heap   total 65536K, used 30306K [0x0000000085e00000, 0x0000000100000000)
  region size 1024K, 3 young (3072K), 3 survivors (3072K)
 Metaspace       used 56895K, capacity 57387K, committed 57648K, reserved 1099776K
  class space    used 7320K, capacity 7472K, committed 7552K, reserved 1048576K
}
Event: 25.049 GC heap before
{Heap before GC invocations=17 (full 0):
 garbage-first heap   total 65536K, used 51810K [0x0000000085e00000, 0x0000000100000000)
  region size 1024K, 24 young (24576K), 3 survivors (3072K)
 Metaspace       used 58698K, capacity 59204K, committed 59312K, reserved 1101824K
  class space    used 7523K, capacity 7668K, committed 7680K, reserved 1048576K
}
Event: 25.053 GC heap after
{Heap after GC invocations=18 (full 0):
 garbage-first heap   total 65536K, used 31767K [0x0000000085e00000, 0x0000000100000000)
  region size 1024K, 2 young (2048K), 2 survivors (2048K)
 Metaspace       used 58698K, capacity 59204K, committed 59312K, reserved 1101824K
  class space    used 7523K, capacity 7668K, committed 7680K, reserved 1048576K
}
Event: 25.216 GC heap before
{Heap before GC invocations=18 (full 0):
 garbage-first heap   total 65536K, used 42007K [0x0000000085e00000, 0x0000000100000000)
  region size 1024K, 13 young (13312K), 2 survivors (2048K)
 Metaspace       used 59704K, capacity 60167K, committed 60208K, reserved 1101824K
  class space    used 7666K, capacity 7797K, committed 7808K, reserved 1048576K
}
Event: 25.219 GC heap after
{Heap after GC invocations=19 (full 0):
 garbage-first heap   total 65536K, used 32234K [0x0000000085e00000, 0x0000000100000000)
  region size 1024K, 2 young (2048K), 2 survivors (2048K)
 Metaspace       used 59704K, capacity 60167K, committed 60208K, reserved 1101824K
  class space    used 7666K, capacity 7797K, committed 7808K, reserved 1048576K
}
Event: 25.600 GC heap before
{Heap before GC invocations=20 (full 0):
 garbage-first heap   total 65536K, used 52714K [0x0000000085e00000, 0x0000000100000000)
  region size 1024K, 22 young (22528K), 2 survivors (2048K)
 Metaspace       used 60899K, capacity 61463K, committed 61852K, reserved 1103872K
  class space    used 7846K, capacity 8034K, committed 8172K, reserved 1048576K
}
Event: 25.604 GC heap after
{Heap after GC invocations=21 (full 0):
 garbage-first heap   total 65536K, used 33835K [0x0000000085e00000, 0x0000000100000000)
  region size 1024K, 3 young (3072K), 3 survivors (3072K)
 Metaspace       used 60899K, capacity 61463K, committed 61852K, reserved 1103872K
  class space    used 7846K, capacity 8034K, committed 8172K, reserved 1048576K
}

